<?xml version="1.0" encoding="UTF-8"?>
<!-- Generated by org.testng.reporters.JUnitXMLReporter -->
<testsuite hostname="Preetijaiswal-IT" failures="0" tests="6" name="GRP-snaity,smoke" time="0.027" errors="0" timestamp="7 Feb 2022 09:02:43 GMT">
  <testcase classname="Group" name="TC1" time="0.009"/>
  <testcase classname="Group" name="TC2" time="0.0"/>
  <testcase classname="Group" name="TC4" time="0.0"/>
  <testcase classname="Group" name="TC5" time="0.001"/>
  <testcase classname="SeleniumTutorialPractice.groupstest" name="applicationStart" time="0.001"/>
  <testcase classname="SeleniumTutorialPractice.groupstest" name="usernameAndpass" time="0.001"/>
</testsuite> <!-- GRP-snaity,smoke -->
