<?xml version="1.0" encoding="UTF-8"?>
<!-- Generated by org.testng.reporters.JUnitXMLReporter -->
<testsuite hostname="Preetijaiswal-IT" failures="0" tests="4" name="GRP-regression" time="0.033" errors="0" timestamp="7 Feb 2022 10:44:58 GMT">
  <testcase classname="SeleniumTutorialPractice.LoginTest" name="logout" time="0.01"/>
  <testcase classname="Group" name="TC4" time="0.002"/>
  <testcase classname="SeleniumTutorialPractice.ClassandSuite" name="test1" time="0.002"/>
  <testcase classname="SeleniumTutorialPractice.groupstest" name="test1" time="0.003"/>
</testsuite> <!-- GRP-regression -->
